[2014.05.15 20:19:49] (Coverage): Error during class instrumentation: org.codehaus.gant.GantMetaClass
java.lang.RuntimeException: java.lang.ClassNotFoundException: Class not found: java/lang/String
	at com.intellij.compiler.instrumentation.InstrumenterClassWriter.getCommonSuperClass(InstrumenterClassWriter.java:40)
	at org.jetbrains.asm4.ClassWriter.a(Unknown Source)
	at org.jetbrains.asm4.Frame.a(Unknown Source)
	at org.jetbrains.asm4.Frame.a(Unknown Source)
	at org.jetbrains.asm4.MethodWriter.visitMaxs(Unknown Source)
	at org.jetbrains.asm4.MethodVisitor.visitMaxs(Unknown Source)
	at com.intellij.rt.coverage.instrumentation.SamplingInstrumenter$1.visitMaxs(SamplingInstrumenter.java:78)
	at org.jetbrains.asm4.ClassReader.accept(Unknown Source)
	at org.jetbrains.asm4.ClassReader.accept(Unknown Source)
	at com.intellij.rt.coverage.instrumentation.Instrumentator.instrument(Instrumentator.java:158)
	at com.intellij.rt.coverage.instrumentation.Instrumentator.access$000(Instrumentator.java:30)
	at com.intellij.rt.coverage.instrumentation.Instrumentator$1.transform(Instrumentator.java:114)
	at sun.instrument.TransformerManager.transform(TransformerManager.java:188)
	at sun.instrument.InstrumentationImpl.transform(InstrumentationImpl.java:424)
	at java.lang.ClassLoader.defineClass1(Native Method)
	at java.lang.ClassLoader.defineClass(ClassLoader.java:800)
	at java.security.SecureClassLoader.defineClass(SecureClassLoader.java:142)
	at java.net.URLClassLoader.defineClass(URLClassLoader.java:449)
	at java.net.URLClassLoader.access$100(URLClassLoader.java:71)
	at java.net.URLClassLoader$1.run(URLClassLoader.java:361)
	at java.net.URLClassLoader$1.run(URLClassLoader.java:355)
	at java.security.AccessController.doPrivileged(Native Method)
	at java.net.URLClassLoader.findClass(URLClassLoader.java:354)
	at org.codehaus.groovy.tools.RootLoader.oldFindClass(RootLoader.java:171)
	at org.codehaus.groovy.tools.RootLoader.loadClass(RootLoader.java:143)
	at org.codehaus.groovy.grails.cli.support.GrailsRootLoader.loadClass(GrailsRootLoader.java:52)
	at java.lang.ClassLoader.loadClass(ClassLoader.java:358)
	at java.lang.Class.forName0(Native Method)
	at java.lang.Class.forName(Class.java:190)
	at org.codehaus.gant.GantBinding$_initializeGantBinding_closure5.class$(GantBinding.groovy)
	at org.codehaus.gant.GantBinding$_initializeGantBinding_closure5.$get$$class$org$codehaus$gant$GantMetaClass(GantBinding.groovy)
	at org.codehaus.gant.GantBinding$_initializeGantBinding_closure5.doCall(GantBinding.groovy:156)
	at sun.reflect.NativeMethodAccessorImpl.invoke0(Native Method)
	at sun.reflect.NativeMethodAccessorImpl.invoke(NativeMethodAccessorImpl.java:57)
	at sun.reflect.DelegatingMethodAccessorImpl.invoke(DelegatingMethodAccessorImpl.java:43)
	at java.lang.reflect.Method.invoke(Method.java:606)
	at org.codehaus.groovy.reflection.CachedMethod.invoke(CachedMethod.java:90)
	at groovy.lang.MetaMethod.doMethodInvoke(MetaMethod.java:233)
	at groovy.lang.MetaClassImpl.invokeMethod(MetaClassImpl.java:1082)
	at groovy.lang.ExpandoMetaClass.invokeMethod(ExpandoMetaClass.java:1106)
	at groovy.lang.MetaClassImpl.invokeMethod(MetaClassImpl.java:906)
	at groovy.lang.MetaClassImpl.invokePropertyOrMissing(MetaClassImpl.java:1128)
	at groovy.lang.MetaClassImpl.invokeMethod(MetaClassImpl.java:1084)
	at groovy.lang.ExpandoMetaClass.invokeMethod(ExpandoMetaClass.java:1106)
	at groovy.lang.MetaClassImpl.invokeMethod(MetaClassImpl.java:906)
	at org.codehaus.groovy.runtime.callsite.PogoMetaClassSite.callCurrent(PogoMetaClassSite.java:66)
	at org.codehaus.groovy.runtime.callsite.CallSiteArray.defaultCallCurrent(CallSiteArray.java:49)
	at org.codehaus.groovy.runtime.callsite.AbstractCallSite.callCurrent(AbstractCallSite.java:133)
	at org.codehaus.groovy.runtime.callsite.AbstractCallSite.callCurrent(AbstractCallSite.java:145)
	at _GrailsClasspath_groovy.run(_GrailsClasspath_groovy:39)
	at _GrailsClasspath_groovy$run.call(Unknown Source)
	at org.codehaus.groovy.runtime.callsite.CallSiteArray.defaultCall(CallSiteArray.java:45)
	at _GrailsEvents_groovy$run.call(Unknown Source)
	at org.codehaus.gant.IncludeTargets.leftShift(IncludeTargets.groovy:59)
	at org.codehaus.gant.IncludeTargets$leftShift.call(Unknown Source)
	at org.codehaus.groovy.runtime.callsite.CallSiteArray.defaultCall(CallSiteArray.java:45)
	at org.codehaus.groovy.runtime.callsite.AbstractCallSite.call(AbstractCallSite.java:108)
	at org.codehaus.groovy.runtime.callsite.AbstractCallSite.call(AbstractCallSite.java:116)
	at _GrailsEvents_groovy.run(_GrailsEvents_groovy:32)
	at _GrailsEvents_groovy$run.call(Unknown Source)
	at org.codehaus.groovy.runtime.callsite.CallSiteArray.defaultCall(CallSiteArray.java:45)
	at _GrailsClean_groovy$run.call(Unknown Source)
	at org.codehaus.gant.IncludeTargets.leftShift(IncludeTargets.groovy:59)
	at org.codehaus.gant.IncludeTargets$leftShift.call(Unknown Source)
	at org.codehaus.groovy.runtime.callsite.CallSiteArray.defaultCall(CallSiteArray.java:45)
	at org.codehaus.groovy.runtime.callsite.AbstractCallSite.call(AbstractCallSite.java:108)
	at org.codehaus.groovy.runtime.callsite.AbstractCallSite.call(AbstractCallSite.java:116)
	at _GrailsClean_groovy.run(_GrailsClean_groovy:29)
	at _GrailsClean_groovy$run.call(Unknown Source)
	at org.codehaus.groovy.runtime.callsite.CallSiteArray.defaultCall(CallSiteArray.java:45)
	at _GrailsWar_groovy$run.call(Unknown Source)
	at org.codehaus.gant.IncludeTargets.leftShift(IncludeTargets.groovy:59)
	at org.codehaus.gant.IncludeTargets$leftShift.call(Unknown Source)
	at org.codehaus.groovy.runtime.callsite.CallSiteArray.defaultCall(CallSiteArray.java:45)
	at org.codehaus.groovy.runtime.callsite.AbstractCallSite.call(AbstractCallSite.java:108)
	at org.codehaus.groovy.runtime.callsite.AbstractCallSite.call(AbstractCallSite.java:116)
	at _GrailsWar_groovy.run(_GrailsWar_groovy:27)
	at _GrailsWar_groovy$run.call(Unknown Source)
	at org.codehaus.groovy.runtime.callsite.CallSiteArray.defaultCall(CallSiteArray.java:45)
	at _GrailsRun_groovy$run.call(Unknown Source)
	at org.codehaus.gant.IncludeTargets.leftShift(IncludeTargets.groovy:59)
	at org.codehaus.gant.IncludeTargets$leftShift.call(Unknown Source)
	at org.codehaus.groovy.runtime.callsite.CallSiteArray.defaultCall(CallSiteArray.java:45)
	at org.codehaus.groovy.runtime.callsite.AbstractCallSite.call(AbstractCallSite.java:108)
	at org.codehaus.groovy.runtime.callsite.AbstractCallSite.call(AbstractCallSite.java:116)
	at _GrailsRun_groovy.run(_GrailsRun_groovy:30)
	at _GrailsRun_groovy$run.call(Unknown Source)
	at org.codehaus.groovy.runtime.callsite.CallSiteArray.defaultCall(CallSiteArray.java:45)
	at org.codehaus.groovy.runtime.callsite.AbstractCallSite.call(AbstractCallSite.java:108)
	at org.codehaus.groovy.runtime.callsite.AbstractCallSite.call(AbstractCallSite.java:112)
	at org.codehaus.gant.IncludeTargets.leftShift(IncludeTargets.groovy:59)
	at org.codehaus.gant.IncludeTargets$leftShift.call(Unknown Source)
	at org.codehaus.groovy.runtime.callsite.CallSiteArray.defaultCall(CallSiteArray.java:45)
	at org.codehaus.groovy.runtime.callsite.AbstractCallSite.call(AbstractCallSite.java:108)
	at org.codehaus.groovy.runtime.callsite.AbstractCallSite.call(AbstractCallSite.java:116)
	at RunApp.run(RunApp.groovy:27)
	at RunApp$run.call(Unknown Source)
	at org.codehaus.groovy.runtime.callsite.CallSiteArray.defaultCall(CallSiteArray.java:45)
	at org.codehaus.groovy.runtime.callsite.AbstractCallSite.call(AbstractCallSite.java:108)
	at org.codehaus.groovy.runtime.callsite.AbstractCallSite.call(AbstractCallSite.java:112)
	at gant.Gant.prepareTargets(Gant.groovy:607)
	at org.codehaus.groovy.grails.cli.GrailsScriptRunner.executeWithGantInstance(GrailsScriptRunner.java:764)
	at org.codehaus.groovy.grails.cli.GrailsScriptRunner.executeScriptFile(GrailsScriptRunner.java:566)
	at org.codehaus.groovy.grails.cli.GrailsScriptRunner.executeScriptWithCaching(GrailsScriptRunner.java:465)
	at org.codehaus.groovy.grails.cli.GrailsScriptRunner.callPluginOrGrailsScript(GrailsScriptRunner.java:409)
	at org.codehaus.groovy.grails.cli.GrailsScriptRunner.executeCommand(GrailsScriptRunner.java:373)
	at org.codehaus.groovy.grails.cli.GrailsScriptRunner.main(GrailsScriptRunner.java:232)
	at sun.reflect.NativeMethodAccessorImpl.invoke0(Native Method)
	at sun.reflect.NativeMethodAccessorImpl.invoke(NativeMethodAccessorImpl.java:57)
	at sun.reflect.DelegatingMethodAccessorImpl.invoke(DelegatingMethodAccessorImpl.java:43)
	at java.lang.reflect.Method.invoke(Method.java:606)
	at org.codehaus.groovy.grails.cli.support.GrailsStarter.rootLoader(GrailsStarter.java:234)
	at org.codehaus.groovy.grails.cli.support.GrailsStarter.main(GrailsStarter.java:262)
	at sun.reflect.NativeMethodAccessorImpl.invoke0(Native Method)
	at sun.reflect.NativeMethodAccessorImpl.invoke(NativeMethodAccessorImpl.java:57)
	at sun.reflect.DelegatingMethodAccessorImpl.invoke(DelegatingMethodAccessorImpl.java:43)
	at java.lang.reflect.Method.invoke(Method.java:606)
	at com.intellij.rt.execution.application.AppMain.main(AppMain.java:120)
Caused by: java.lang.ClassNotFoundException: Class not found: java/lang/String
	at com.intellij.compiler.instrumentation.InstrumentationClassFinder.loadClass(InstrumentationClassFinder.java:128)
	at com.intellij.compiler.instrumentation.InstrumenterClassWriter.getCommonSuperClass(InstrumenterClassWriter.java:19)
	... 117 more
